2023-07-25 11:38:05 root         INFO     Starting sales producer
2023-07-25 11:38:06 root         INFO     Produced {'seller_id': 'DEN', 'amount_usd': 366, 'sale_ts': 1690265285818} to topic sales-usd partition 0 offset 9
2023-07-25 11:38:11 root         INFO     Produced {'seller_id': 'OMA', 'amount_usd': 951, 'sale_ts': 1690265291091} to topic sales-usd partition 0 offset 19
2023-07-25 11:38:16 root         INFO     Produced {'seller_id': 'OMA', 'amount_usd': 802, 'sale_ts': 1690265296301} to topic sales-usd partition 0 offset 29
2023-07-25 11:38:21 root         INFO     Produced {'seller_id': 'DEN', 'amount_usd': 187, 'sale_ts': 1690265301515} to topic sales-usd partition 0 offset 39
2023-07-25 11:38:26 root         INFO     Produced {'seller_id': 'DEN', 'amount_usd': 304, 'sale_ts': 1690265306730} to topic sales-usd partition 0 offset 49
2023-07-25 11:38:32 root         INFO     Produced {'seller_id': 'KC', 'amount_usd': 912, 'sale_ts': 1690265311944} to topic sales-usd partition 0 offset 59
2023-07-25 11:38:37 root         INFO     Produced {'seller_id': 'DEN', 'amount_usd': 224, 'sale_ts': 1690265317161} to topic sales-usd partition 0 offset 69
2023-07-25 11:38:42 root         INFO     Produced {'seller_id': 'KC', 'amount_usd': 425, 'sale_ts': 1690265322379} to topic sales-usd partition 0 offset 79
2023-07-25 11:38:47 root         INFO     Produced {'seller_id': 'DEN', 'amount_usd': 697, 'sale_ts': 1690265327595} to topic sales-usd partition 0 offset 89
2023-07-25 11:38:53 root         INFO     Produced {'seller_id': 'OMA', 'amount_usd': 807, 'sale_ts': 1690265332806} to topic sales-usd partition 0 offset 99
2023-07-25 11:38:58 root         INFO     Produced {'seller_id': 'OMA', 'amount_usd': 391, 'sale_ts': 1690265338018} to topic sales-usd partition 0 offset 109
2023-07-25 11:39:03 root         INFO     Produced {'seller_id': 'OMA', 'amount_usd': 599, 'sale_ts': 1690265343226} to topic sales-usd partition 0 offset 119
2023-07-25 11:39:08 root         INFO     Produced {'seller_id': 'LNK', 'amount_usd': 821, 'sale_ts': 1690265348442} to topic sales-usd partition 0 offset 129
2023-07-25 11:39:13 root         INFO     Produced {'seller_id': 'OMA', 'amount_usd': 190, 'sale_ts': 1690265353657} to topic sales-usd partition 0 offset 139
2023-07-25 11:39:19 root         INFO     Produced {'seller_id': 'LNK', 'amount_usd': 148, 'sale_ts': 1690265358869} to topic sales-usd partition 0 offset 149
2023-07-25 11:39:24 root         INFO     Produced {'seller_id': 'KC', 'amount_usd': 237, 'sale_ts': 1690265364084} to topic sales-usd partition 0 offset 159
2023-07-25 11:39:29 root         INFO     Produced {'seller_id': 'OMA', 'amount_usd': 226, 'sale_ts': 1690265369297} to topic sales-usd partition 0 offset 169
2023-07-25 11:39:34 root         INFO     Produced {'seller_id': 'OMA', 'amount_usd': 816, 'sale_ts': 1690265374510} to topic sales-usd partition 0 offset 179
2023-07-25 11:39:39 root         INFO     Produced {'seller_id': 'KC', 'amount_usd': 417, 'sale_ts': 1690265379723} to topic sales-usd partition 0 offset 189
2023-07-25 11:39:45 root         INFO     Produced {'seller_id': 'OMA', 'amount_usd': 957, 'sale_ts': 1690265384937} to topic sales-usd partition 0 offset 199
2023-07-25 11:39:50 root         INFO     Produced {'seller_id': 'OMA', 'amount_usd': 222, 'sale_ts': 1690265390150} to topic sales-usd partition 0 offset 209
2023-07-25 11:39:55 root         INFO     Produced {'seller_id': 'KC', 'amount_usd': 992, 'sale_ts': 1690265395361} to topic sales-usd partition 0 offset 219
2023-07-25 11:40:00 root         INFO     Produced {'seller_id': 'DEN', 'amount_usd': 129, 'sale_ts': 1690265400574} to topic sales-usd partition 0 offset 229
2023-07-25 11:40:05 root         INFO     Produced {'seller_id': 'KC', 'amount_usd': 599, 'sale_ts': 1690265405790} to topic sales-usd partition 0 offset 239
2023-07-25 11:40:11 root         INFO     Produced {'seller_id': 'OMA', 'amount_usd': 106, 'sale_ts': 1690265411001} to topic sales-usd partition 0 offset 249
2023-07-25 11:40:16 root         INFO     Produced {'seller_id': 'DEN', 'amount_usd': 260, 'sale_ts': 1690265416210} to topic sales-usd partition 0 offset 259
2023-07-25 11:40:21 root         INFO     Produced {'seller_id': 'LNK', 'amount_usd': 105, 'sale_ts': 1690265421426} to topic sales-usd partition 0 offset 269
2023-07-25 11:40:26 root         INFO     Produced {'seller_id': 'KC', 'amount_usd': 453, 'sale_ts': 1690265426639} to topic sales-usd partition 0 offset 279
2023-07-25 11:40:32 root         INFO     Produced {'seller_id': 'DEN', 'amount_usd': 828, 'sale_ts': 1690265431852} to topic sales-usd partition 0 offset 289
2023-07-25 11:42:05 root         INFO     Produced {'seller_id': 'OMA', 'amount_usd': 795, 'sale_ts': 1690265437062} to topic sales-usd partition 0 offset 339
2023-07-25 11:42:05 root         INFO     Produced {'seller_id': 'KC', 'amount_usd': 643, 'sale_ts': 1690265443068} to topic sales-usd partition 0 offset 349
2023-07-25 11:42:05 root         INFO     Produced {'seller_id': 'OMA', 'amount_usd': 628, 'sale_ts': 1690265449078} to topic sales-usd partition 0 offset 359
2023-07-25 11:42:05 root         INFO     Produced {'seller_id': 'LNK', 'amount_usd': 856, 'sale_ts': 1690265455086} to topic sales-usd partition 0 offset 369
2023-07-25 11:42:05 root         INFO     Produced {'seller_id': 'OMA', 'amount_usd': 933, 'sale_ts': 1690265461093} to topic sales-usd partition 0 offset 379
2023-07-25 11:42:05 root         INFO     Produced {'seller_id': 'DEN', 'amount_usd': 433, 'sale_ts': 1690265467101} to topic sales-usd partition 0 offset 389
2023-07-25 11:42:05 root         INFO     Produced {'seller_id': 'DEN', 'amount_usd': 529, 'sale_ts': 1690265473107} to topic sales-usd partition 0 offset 399
2023-07-25 11:42:05 root         INFO     Produced {'seller_id': 'LNK', 'amount_usd': 467, 'sale_ts': 1690265479113} to topic sales-usd partition 0 offset 409
2023-07-25 11:42:05 root         INFO     Produced {'seller_id': 'DEN', 'amount_usd': 589, 'sale_ts': 1690265485121} to topic sales-usd partition 0 offset 419
2023-07-25 11:42:05 root         INFO     Produced {'seller_id': 'LNK', 'amount_usd': 556, 'sale_ts': 1690265491127} to topic sales-usd partition 0 offset 429
2023-07-25 11:42:05 root         INFO     Produced {'seller_id': 'OMA', 'amount_usd': 503, 'sale_ts': 1690265497133} to topic sales-usd partition 0 offset 439
2023-07-25 11:42:05 root         INFO     Produced {'seller_id': 'KC', 'amount_usd': 484, 'sale_ts': 1690265503071} to topic sales-usd partition 0 offset 449
2023-07-25 11:42:05 root         INFO     Produced {'seller_id': 'LNK', 'amount_usd': 414, 'sale_ts': 1690265509076} to topic sales-usd partition 0 offset 459
2023-07-25 11:42:05 root         INFO     Produced {'seller_id': 'OMA', 'amount_usd': 202, 'sale_ts': 1690265514081} to topic sales-usd partition 0 offset 469
2023-07-25 11:42:05 root         INFO     Produced {'seller_id': 'DEN', 'amount_usd': 460, 'sale_ts': 1690265520085} to topic sales-usd partition 0 offset 479
2023-07-25 11:42:10 root         INFO     Produced {'seller_id': 'DEN', 'amount_usd': 905, 'sale_ts': 1690265525089} to topic sales-usd partition 0 offset 499
2023-07-25 11:42:15 root         INFO     Produced {'seller_id': 'DEN', 'amount_usd': 713, 'sale_ts': 1690265530093} to topic sales-usd partition 0 offset 509
2023-07-25 11:42:20 root         INFO     Produced {'seller_id': 'OMA', 'amount_usd': 109, 'sale_ts': 1690265535099} to topic sales-usd partition 0 offset 519
2023-07-25 11:42:25 root         INFO     Produced {'seller_id': 'OMA', 'amount_usd': 276, 'sale_ts': 1690265540103} to topic sales-usd partition 0 offset 529
2023-07-25 11:42:30 root         INFO     Produced {'seller_id': 'DEN', 'amount_usd': 870, 'sale_ts': 1690265545108} to topic sales-usd partition 0 offset 539
2023-07-25 11:42:35 root         INFO     Produced {'seller_id': 'DEN', 'amount_usd': 163, 'sale_ts': 1690265550113} to topic sales-usd partition 0 offset 549
2023-07-25 11:42:40 root         INFO     Produced {'seller_id': 'LNK', 'amount_usd': 862, 'sale_ts': 1690265555118} to topic sales-usd partition 0 offset 559
2023-07-25 11:42:45 root         INFO     Produced {'seller_id': 'KC', 'amount_usd': 576, 'sale_ts': 1690265560123} to topic sales-usd partition 0 offset 569
2023-07-25 11:42:50 root         INFO     Produced {'seller_id': 'DEN', 'amount_usd': 587, 'sale_ts': 1690265565128} to topic sales-usd partition 0 offset 579
2023-07-25 11:42:55 root         INFO     Produced {'seller_id': 'KC', 'amount_usd': 819, 'sale_ts': 1690265570133} to topic sales-usd partition 0 offset 589
2023-07-25 11:43:00 root         INFO     Produced {'seller_id': 'LNK', 'amount_usd': 404, 'sale_ts': 1690265575139} to topic sales-usd partition 0 offset 599
2023-07-25 11:43:05 root         INFO     Produced {'seller_id': 'LNK', 'amount_usd': 608, 'sale_ts': 1690265580142} to topic sales-usd partition 0 offset 609
2023-07-25 11:43:10 root         INFO     Produced {'seller_id': 'OMA', 'amount_usd': 250, 'sale_ts': 1690265585146} to topic sales-usd partition 0 offset 619
2023-07-25 11:43:15 root         INFO     Produced {'seller_id': 'KC', 'amount_usd': 174, 'sale_ts': 1690265590149} to topic sales-usd partition 0 offset 629
2023-07-25 11:43:20 root         INFO     Produced {'seller_id': 'OMA', 'amount_usd': 922, 'sale_ts': 1690265595154} to topic sales-usd partition 0 offset 639
2023-07-25 11:43:25 root         INFO     Produced {'seller_id': 'DEN', 'amount_usd': 707, 'sale_ts': 1690265600157} to topic sales-usd partition 0 offset 649
2023-07-25 11:43:30 root         INFO     Produced {'seller_id': 'LNK', 'amount_usd': 572, 'sale_ts': 1690265605163} to topic sales-usd partition 0 offset 659
2023-07-25 11:43:35 root         INFO     Produced {'seller_id': 'LNK', 'amount_usd': 623, 'sale_ts': 1690265610168} to topic sales-usd partition 0 offset 669
2023-07-25 11:43:40 root         INFO     Produced {'seller_id': 'OMA', 'amount_usd': 570, 'sale_ts': 1690265615171} to topic sales-usd partition 0 offset 679
2023-07-25 11:43:45 root         INFO     Produced {'seller_id': 'KC', 'amount_usd': 407, 'sale_ts': 1690265620176} to topic sales-usd partition 0 offset 689
2023-07-25 11:43:50 root         INFO     Produced {'seller_id': 'DEN', 'amount_usd': 716, 'sale_ts': 1690265625182} to topic sales-usd partition 0 offset 699
2023-07-25 11:43:55 root         INFO     Produced {'seller_id': 'LNK', 'amount_usd': 469, 'sale_ts': 1690265630188} to topic sales-usd partition 0 offset 709
2023-07-25 11:44:00 root         INFO     Produced {'seller_id': 'KC', 'amount_usd': 477, 'sale_ts': 1690265635193} to topic sales-usd partition 0 offset 719
2023-07-25 11:44:05 root         INFO     Produced {'seller_id': 'DEN', 'amount_usd': 993, 'sale_ts': 1690265640197} to topic sales-usd partition 0 offset 729
2023-07-25 11:44:10 root         INFO     Produced {'seller_id': 'KC', 'amount_usd': 644, 'sale_ts': 1690265645203} to topic sales-usd partition 0 offset 739
2023-07-25 11:44:15 root         INFO     Produced {'seller_id': 'KC', 'amount_usd': 727, 'sale_ts': 1690265650207} to topic sales-usd partition 0 offset 749
2023-07-25 11:44:20 root         INFO     Produced {'seller_id': 'OMA', 'amount_usd': 631, 'sale_ts': 1690265655210} to topic sales-usd partition 0 offset 759
2023-07-25 11:44:25 root         INFO     Produced {'seller_id': 'LNK', 'amount_usd': 337, 'sale_ts': 1690265660215} to topic sales-usd partition 0 offset 769
2023-07-25 11:44:30 root         INFO     Produced {'seller_id': 'LNK', 'amount_usd': 174, 'sale_ts': 1690265665221} to topic sales-usd partition 0 offset 779
2023-07-25 11:44:35 root         INFO     Produced {'seller_id': 'KC', 'amount_usd': 244, 'sale_ts': 1690265670227} to topic sales-usd partition 0 offset 789
2023-07-25 11:44:40 root         INFO     Produced {'seller_id': 'KC', 'amount_usd': 425, 'sale_ts': 1690265675231} to topic sales-usd partition 0 offset 799
2023-07-25 11:44:45 root         INFO     Produced {'seller_id': 'DEN', 'amount_usd': 240, 'sale_ts': 1690265680234} to topic sales-usd partition 0 offset 809
2023-07-25 11:44:50 root         INFO     Produced {'seller_id': 'DEN', 'amount_usd': 110, 'sale_ts': 1690265685238} to topic sales-usd partition 0 offset 819
2023-07-25 11:44:55 root         INFO     Produced {'seller_id': 'DEN', 'amount_usd': 993, 'sale_ts': 1690265690242} to topic sales-usd partition 0 offset 829
2023-07-25 11:45:00 root         INFO     Produced {'seller_id': 'KC', 'amount_usd': 650, 'sale_ts': 1690265695246} to topic sales-usd partition 0 offset 839
2023-07-25 11:45:05 root         INFO     Produced {'seller_id': 'LNK', 'amount_usd': 245, 'sale_ts': 1690265700252} to topic sales-usd partition 0 offset 849
2023-07-25 11:45:10 root         INFO     Produced {'seller_id': 'OMA', 'amount_usd': 806, 'sale_ts': 1690265705257} to topic sales-usd partition 0 offset 859
2023-07-25 11:45:15 root         INFO     Produced {'seller_id': 'DEN', 'amount_usd': 560, 'sale_ts': 1690265710260} to topic sales-usd partition 0 offset 869
2023-07-25 11:45:20 root         INFO     Produced {'seller_id': 'KC', 'amount_usd': 753, 'sale_ts': 1690265715264} to topic sales-usd partition 0 offset 879
2023-07-25 11:45:25 root         INFO     Produced {'seller_id': 'OMA', 'amount_usd': 873, 'sale_ts': 1690265720270} to topic sales-usd partition 0 offset 889
2023-07-25 11:45:30 root         INFO     Produced {'seller_id': 'DEN', 'amount_usd': 451, 'sale_ts': 1690265725273} to topic sales-usd partition 0 offset 899
2023-07-25 11:45:35 root         INFO     Produced {'seller_id': 'OMA', 'amount_usd': 505, 'sale_ts': 1690265730278} to topic sales-usd partition 0 offset 909
2023-07-25 11:45:40 root         INFO     Produced {'seller_id': 'DEN', 'amount_usd': 707, 'sale_ts': 1690265735285} to topic sales-usd partition 0 offset 919
2023-07-25 11:45:45 root         INFO     Produced {'seller_id': 'LNK', 'amount_usd': 263, 'sale_ts': 1690265740291} to topic sales-usd partition 0 offset 929
2023-07-25 11:45:50 root         INFO     Produced {'seller_id': 'OMA', 'amount_usd': 538, 'sale_ts': 1690265745296} to topic sales-usd partition 0 offset 939
2023-07-25 11:45:55 root         INFO     Produced {'seller_id': 'OMA', 'amount_usd': 171, 'sale_ts': 1690265750301} to topic sales-usd partition 0 offset 949
2023-07-25 11:46:00 root         INFO     Produced {'seller_id': 'DEN', 'amount_usd': 308, 'sale_ts': 1690265755303} to topic sales-usd partition 0 offset 959
2023-07-25 11:46:05 root         INFO     Produced {'seller_id': 'KC', 'amount_usd': 200, 'sale_ts': 1690265760310} to topic sales-usd partition 0 offset 969
2023-07-25 11:46:10 root         INFO     Produced {'seller_id': 'DEN', 'amount_usd': 306, 'sale_ts': 1690265765312} to topic sales-usd partition 0 offset 979
2023-07-25 11:46:15 root         INFO     Produced {'seller_id': 'DEN', 'amount_usd': 151, 'sale_ts': 1690265770317} to topic sales-usd partition 0 offset 989
2023-07-25 11:46:20 root         INFO     Produced {'seller_id': 'OMA', 'amount_usd': 525, 'sale_ts': 1690265775320} to topic sales-usd partition 0 offset 999
2023-07-25 11:46:25 root         INFO     Produced {'seller_id': 'DEN', 'amount_usd': 582, 'sale_ts': 1690265780327} to topic sales-usd partition 0 offset 1009
2023-07-25 11:46:30 root         INFO     Produced {'seller_id': 'DEN', 'amount_usd': 593, 'sale_ts': 1690265785332} to topic sales-usd partition 0 offset 1019
2023-07-25 11:46:35 root         INFO     Produced {'seller_id': 'OMA', 'amount_usd': 419, 'sale_ts': 1690265790337} to topic sales-usd partition 0 offset 1029
2023-07-25 11:46:40 root         INFO     Produced {'seller_id': 'OMA', 'amount_usd': 713, 'sale_ts': 1690265795342} to topic sales-usd partition 0 offset 1039
2023-07-25 11:46:45 root         INFO     Produced {'seller_id': 'DEN', 'amount_usd': 245, 'sale_ts': 1690265800346} to topic sales-usd partition 0 offset 1049
2023-07-25 11:46:50 root         INFO     Produced {'seller_id': 'KC', 'amount_usd': 317, 'sale_ts': 1690265805349} to topic sales-usd partition 0 offset 1059
2023-07-25 11:46:55 root         INFO     Produced {'seller_id': 'KC', 'amount_usd': 566, 'sale_ts': 1690265810354} to topic sales-usd partition 0 offset 1069
2023-07-25 11:47:00 root         INFO     Produced {'seller_id': 'KC', 'amount_usd': 765, 'sale_ts': 1690265815357} to topic sales-usd partition 0 offset 1079
2023-07-25 11:47:05 root         INFO     Produced {'seller_id': 'LNK', 'amount_usd': 175, 'sale_ts': 1690265820360} to topic sales-usd partition 0 offset 1089
2023-07-25 11:47:10 root         INFO     Produced {'seller_id': 'DEN', 'amount_usd': 738, 'sale_ts': 1690265825366} to topic sales-usd partition 0 offset 1099
2023-07-25 11:47:15 root         INFO     Produced {'seller_id': 'KC', 'amount_usd': 828, 'sale_ts': 1690265830372} to topic sales-usd partition 0 offset 1109
2023-07-25 11:47:20 root         INFO     Produced {'seller_id': 'LNK', 'amount_usd': 368, 'sale_ts': 1690265835376} to topic sales-usd partition 0 offset 1119
2023-07-25 11:47:25 root         INFO     Produced {'seller_id': 'DEN', 'amount_usd': 933, 'sale_ts': 1690265840379} to topic sales-usd partition 0 offset 1129
2023-07-25 11:47:30 root         INFO     Produced {'seller_id': 'DEN', 'amount_usd': 438, 'sale_ts': 1690265845383} to topic sales-usd partition 0 offset 1139
2023-07-25 11:47:35 root         INFO     Produced {'seller_id': 'DEN', 'amount_usd': 296, 'sale_ts': 1690265850386} to topic sales-usd partition 0 offset 1149
